<?xml version="1.0" encoding="UTF-8"?>
<testng-results skipped="0" failed="1" ignored="0" total="2" passed="1">
  <reporter-output>
  </reporter-output>
  <suite name="Default suite" duration-ms="42764" started-at="2020-05-11T16:07:26 AEST" finished-at="2020-05-11T16:08:09 AEST">
    <groups>
    </groups>
    <test name="Default test" duration-ms="42764" started-at="2020-05-11T16:07:26 AEST" finished-at="2020-05-11T16:08:09 AEST">
      <class name="TestNativeAppTestng">
        <test-method status="PASS" signature="startAppium()[pri:0, instance:TestNativeAppTestng@757942a1]" name="startAppium" is-config="true" duration-ms="17776" started-at="2020-05-11T16:07:08 AEST" finished-at="2020-05-11T16:07:26 AEST">
          <reporter-output>
          </reporter-output>
        </test-method> <!-- startAppium -->
        <test-method status="PASS" signature="invokeNativeApp()[pri:0, instance:TestNativeAppTestng@757942a1]" name="invokeNativeApp" duration-ms="26277" started-at="2020-05-11T16:07:26 AEST" finished-at="2020-05-11T16:07:53 AEST">
          <reporter-output>
          </reporter-output>
        </test-method> <!-- invokeNativeApp -->
        <test-method status="FAIL" signature="doLogin()[pri:0, instance:TestNativeAppTestng@757942a1]" name="doLogin" duration-ms="16405" started-at="2020-05-11T16:07:53 AEST" depends-on-methods="TestNativeAppTestng.invokeNativeApp" finished-at="2020-05-11T16:08:09 AEST">
          <exception class="org.openqa.selenium.NoSuchElementException">
            <message>
              <![CDATA[An element could not be located on the page using the given search parameters.
For documentation on this error, please visit: https://www.seleniumhq.org/exceptions/no_such_element.html
Build info: version: '3.141.59', revision: 'e82be7d358', time: '2018-11-14T08:17:03'
System info: host: 'SMITAPC', ip: '192.168.43.158', os.name: 'Windows 10', os.arch: 'amd64', os.version: '10.0', java.version: '1.8.0_201'
Driver info: io.appium.java_client.android.AndroidDriver
Capabilities {appActivity: au.com.seek.ui.mainview.Mai..., appPackage: au.com.seek, databaseEnabled: false, desired: {appActivity: au.com.seek.ui.mainview.Mai..., appPackage: au.com.seek, deviceName: Android, platformName: android}, deviceApiLevel: 28, deviceManufacturer: HMD Global, deviceModel: Nokia 5.1 Plus, deviceName: PDAID18100406774, deviceScreenDensity: 320, deviceScreenSize: 720x1520, deviceUDID: PDAID18100406774, javascriptEnabled: true, locationContextEnabled: false, networkConnectionEnabled: true, pixelRatio: 2, platform: LINUX, platformName: Android, platformVersion: 9, statBarHeight: 62, takesScreenshot: true, viewportRect: {height: 1300, left: 0, top: 62, width: 720}, warnings: {}, webStorageEnabled: false}
Session ID: ba603a26-51b9-470b-921c-99509e673316
*** Element info: {Using=id, value=au.com.seek:id/screen_title}]]>
            </message>
            <full-stacktrace>
              <![CDATA[org.openqa.selenium.NoSuchElementException: An element could not be located on the page using the given search parameters.
For documentation on this error, please visit: https://www.seleniumhq.org/exceptions/no_such_element.html
Build info: version: '3.141.59', revision: 'e82be7d358', time: '2018-11-14T08:17:03'
System info: host: 'SMITAPC', ip: '192.168.43.158', os.name: 'Windows 10', os.arch: 'amd64', os.version: '10.0', java.version: '1.8.0_201'
Driver info: io.appium.java_client.android.AndroidDriver
Capabilities {appActivity: au.com.seek.ui.mainview.Mai..., appPackage: au.com.seek, databaseEnabled: false, desired: {appActivity: au.com.seek.ui.mainview.Mai..., appPackage: au.com.seek, deviceName: Android, platformName: android}, deviceApiLevel: 28, deviceManufacturer: HMD Global, deviceModel: Nokia 5.1 Plus, deviceName: PDAID18100406774, deviceScreenDensity: 320, deviceScreenSize: 720x1520, deviceUDID: PDAID18100406774, javascriptEnabled: true, locationContextEnabled: false, networkConnectionEnabled: true, pixelRatio: 2, platform: LINUX, platformName: Android, platformVersion: 9, statBarHeight: 62, takesScreenshot: true, viewportRect: {height: 1300, left: 0, top: 62, width: 720}, warnings: {}, webStorageEnabled: false}
Session ID: ba603a26-51b9-470b-921c-99509e673316
*** Element info: {Using=id, value=au.com.seek:id/screen_title}
at sun.reflect.NativeConstructorAccessorImpl.newInstance0(Native Method)
at sun.reflect.NativeConstructorAccessorImpl.newInstance(Unknown Source)
at sun.reflect.DelegatingConstructorAccessorImpl.newInstance(Unknown Source)
at java.lang.reflect.Constructor.newInstance(Unknown Source)
at org.openqa.selenium.remote.http.W3CHttpResponseCodec.createException(W3CHttpResponseCodec.java:187)
at org.openqa.selenium.remote.http.W3CHttpResponseCodec.decode(W3CHttpResponseCodec.java:122)
at org.openqa.selenium.remote.http.W3CHttpResponseCodec.decode(W3CHttpResponseCodec.java:49)
at org.openqa.selenium.remote.HttpCommandExecutor.execute(HttpCommandExecutor.java:158)
at io.appium.java_client.remote.AppiumCommandExecutor.execute(AppiumCommandExecutor.java:239)
at org.openqa.selenium.remote.RemoteWebDriver.execute(RemoteWebDriver.java:552)
at io.appium.java_client.DefaultGenericMobileDriver.execute(DefaultGenericMobileDriver.java:41)
at io.appium.java_client.AppiumDriver.execute(AppiumDriver.java:1)
at io.appium.java_client.android.AndroidDriver.execute(AndroidDriver.java:1)
at org.openqa.selenium.remote.RemoteWebDriver.findElement(RemoteWebDriver.java:323)
at io.appium.java_client.DefaultGenericMobileDriver.findElement(DefaultGenericMobileDriver.java:61)
at io.appium.java_client.AppiumDriver.findElement(AppiumDriver.java:1)
at io.appium.java_client.android.AndroidDriver.findElement(AndroidDriver.java:1)
at org.openqa.selenium.remote.RemoteWebDriver.findElementById(RemoteWebDriver.java:372)
at io.appium.java_client.DefaultGenericMobileDriver.findElementById(DefaultGenericMobileDriver.java:69)
at io.appium.java_client.AppiumDriver.findElementById(AppiumDriver.java:1)
at io.appium.java_client.android.AndroidDriver.findElementById(AndroidDriver.java:1)
at org.openqa.selenium.By$ById.findElement(By.java:188)
at org.openqa.selenium.remote.RemoteWebDriver.findElement(RemoteWebDriver.java:315)
at io.appium.java_client.DefaultGenericMobileDriver.findElement(DefaultGenericMobileDriver.java:57)
at io.appium.java_client.AppiumDriver.findElement(AppiumDriver.java:1)
at io.appium.java_client.android.AndroidDriver.findElement(AndroidDriver.java:1)
at TestNativeAppTestng.doLogin(TestNativeAppTestng.java:106)
at sun.reflect.NativeMethodAccessorImpl.invoke0(Native Method)
at sun.reflect.NativeMethodAccessorImpl.invoke(Unknown Source)
at sun.reflect.DelegatingMethodAccessorImpl.invoke(Unknown Source)
at java.lang.reflect.Method.invoke(Unknown Source)
at org.testng.internal.MethodInvocationHelper.invokeMethod(MethodInvocationHelper.java:134)
at org.testng.internal.TestInvoker.invokeMethod(TestInvoker.java:597)
at org.testng.internal.TestInvoker.invokeTestMethod(TestInvoker.java:173)
at org.testng.internal.MethodRunner.runInSequence(MethodRunner.java:46)
at org.testng.internal.TestInvoker$MethodInvocationAgent.invoke(TestInvoker.java:816)
at org.testng.internal.TestInvoker.invokeTestMethods(TestInvoker.java:146)
at org.testng.internal.TestMethodWorker.invokeTestMethods(TestMethodWorker.java:146)
at org.testng.internal.TestMethodWorker.run(TestMethodWorker.java:128)
at java.util.ArrayList.forEach(Unknown Source)
at org.testng.TestRunner.privateRun(TestRunner.java:766)
at org.testng.TestRunner.run(TestRunner.java:587)
at org.testng.SuiteRunner.runTest(SuiteRunner.java:384)
at org.testng.SuiteRunner.runSequentially(SuiteRunner.java:378)
at org.testng.SuiteRunner.privateRun(SuiteRunner.java:337)
at org.testng.SuiteRunner.run(SuiteRunner.java:286)
at org.testng.SuiteRunnerWorker.runSuite(SuiteRunnerWorker.java:53)
at org.testng.SuiteRunnerWorker.run(SuiteRunnerWorker.java:96)
at org.testng.TestNG.runSuitesSequentially(TestNG.java:1187)
at org.testng.TestNG.runSuitesLocally(TestNG.java:1109)
at org.testng.TestNG.runSuites(TestNG.java:1039)
at org.testng.TestNG.run(TestNG.java:1007)
at org.testng.remote.AbstractRemoteTestNG.run(AbstractRemoteTestNG.java:115)
at org.testng.remote.RemoteTestNG.initAndRun(RemoteTestNG.java:251)
at org.testng.remote.RemoteTestNG.main(RemoteTestNG.java:77)
]]>
            </full-stacktrace>
          </exception> <!-- org.openqa.selenium.NoSuchElementException -->
          <reporter-output>
          </reporter-output>
        </test-method> <!-- doLogin -->
        <test-method status="PASS" signature="stopAppium()[pri:0, instance:TestNativeAppTestng@757942a1]" name="stopAppium" is-config="true" duration-ms="52" started-at="2020-05-11T16:08:09 AEST" finished-at="2020-05-11T16:08:09 AEST">
          <reporter-output>
          </reporter-output>
        </test-method> <!-- stopAppium -->
      </class> <!-- TestNativeAppTestng -->
    </test> <!-- Default test -->
  </suite> <!-- Default suite -->
</testng-results>
